{
  "RSpec": {
    "coverage": {
      "/Users/subomi-makers/Documents/projects/messanger-app-database/app.rb": [
        1,
        null,
        1,
        1,
        1,
        1,
        1,
        null,
        1,
        null,
        null,
        null,
        null,
        null,
        null,
        1,
        null,
        10,
        10,
        null,
        null,
        1,
        6,
        6,
        null,
        null,
        1,
        null,
        null,
        0,
        0,
        null,
        null,
        null,
        null,
        null
      ],
      "/Users/subomi-makers/Documents/projects/messanger-app-database/lib/message.rb": [
        null,
        1,
        null,
        1,
        1,
        null,
        1,
        1,
        1,
        null,
        null,
        null,
        null,
        null,
        null,
        null,
        null,
        1,
        29,
        null,
        null,
        null
      ],
      "/Users/subomi-makers/Documents/projects/messanger-app-database/config/talk2me_mapper.rb": [
        1,
        null,
        1,
        null,
        1,
        null,
        1,
        null,
        1
      ],
      "/Users/subomi-makers/Documents/projects/messanger-app-database/spec/features/message_helper_spec.rb": [
        1,
        3,
        3,
        3,
        null
      ],
      "/Users/subomi-makers/Documents/projects/messanger-app-database/spec/features/talk2me_spec.rb": [
        1,
        1,
        1,
        1,
        1,
        1,
        null,
        null,
        null,
        null,
        1,
        1,
        1,
        1,
        null,
        null,
        1,
        1,
        1,
        1,
        1,
        1,
        null,
        null,
        1,
        1,
        1,
        1,
        1,
        1,
        null,
        null
      ],
      "/Users/subomi-makers/Documents/projects/messanger-app-database/spec/message_spec.rb": [
        1,
        null,
        1,
        null,
        3,
        null,
        null,
        1,
        1,
        null,
        null,
        1,
        1,
        null,
        null,
        null
      ]
    },
    "timestamp": 1545395430
  }
}
